Destroying agent AWM枪身V1
Destroying agent AK47枪管V1
Destroying agent A2弹夹V1
Destroying agent 9mm
ReturningAK47枪身V1
ReturningA1枪身V1
ReturningA2枪身V1
ReturningA3枪身V1
ReturningM4A1枪管V1
ReturningA1枪管V1
ReturningA2枪管V1
ReturningA3枪管V1
ReturningA1弹夹V1
ReturningA3弹夹V1
ReturningA3弹夹V2
ReturningA3弹夹V3
ReturningA4弹夹V1
ReturningA5弹夹V1
Returning7.62mm
ReturningAWM瞄具V1
ReturningA1瞄具V1
ReturningA2瞄具V1
ReturningA3瞄具V1
ReturningAK47枪托V1
ReturningAK47枪托V2
ReturningM4A1枪托V1
ReturningA1枪托V1
ReturningA1枪托V2
ReturningA1握把V1
ReturningA1握把V2
ReturningA1红外V1
ReturningA1消音V1
ReturningA1消音V2
ReturningA2枪托V1
ReturningM4A1枪身V1
Destroying agent AWM枪身V1
Destroying agent A2弹夹V1
Destroying agent AK47枪管V1
Destroying agent 9mm
ReturningAK47枪身V1
ReturningA1枪身V1
ReturningA2枪身V1
ReturningA3枪身V1
ReturningM4A1枪管V1
ReturningA1枪管V1
ReturningA2枪管V1
ReturningA3枪管V1
ReturningA1弹夹V1
ReturningA3弹夹V1
ReturningA3弹夹V2
ReturningA3弹夹V3
ReturningA4弹夹V1
ReturningA5弹夹V1
Returning7.62mm
ReturningAWM瞄具V1
ReturningA1瞄具V1
ReturningA2瞄具V1
ReturningA3瞄具V1
ReturningAK47枪托V1
ReturningAK47枪托V2
ReturningM4A1枪托V1
ReturningA1枪托V1
ReturningA1枪托V2
ReturningA1握把V1
ReturningA1握把V2
ReturningA1红外V1
ReturningA1消音V1
ReturningA1消音V2
ReturningA2枪托V1
ReturningM4A1枪身V1
